[debug] [2021-06-03T20:27:16.486Z] ----------------------------------------------------------------------
[debug] [2021-06-03T20:27:16.488Z] Command:       /usr/local/bin/node /usr/local/bin/firebase init
[debug] [2021-06-03T20:27:16.489Z] CLI Version:   9.12.1
[debug] [2021-06-03T20:27:16.489Z] Platform:      darwin
[debug] [2021-06-03T20:27:16.489Z] Node Version:  v12.14.1
[debug] [2021-06-03T20:27:16.490Z] Time:          Thu Jun 03 2021 14:27:16 GMT-0600 (Mountain Daylight Time)
[debug] [2021-06-03T20:27:16.490Z] ----------------------------------------------------------------------
[debug] 
[debug] [2021-06-03T20:27:16.494Z] >>> [apiv2][query] GET https://firebase-public.firebaseio.com/cli.json [none]
[debug] [2021-06-03T20:27:16.523Z] > command requires scopes: ["email","openid","https://www.googleapis.com/auth/cloudplatformprojects.readonly","https://www.googleapis.com/auth/firebase","https://www.googleapis.com/auth/cloud-platform"]
[debug] [2021-06-03T20:27:16.524Z] > authorizing via signed-in user (philfives@gmail.com)
[info] 
     ######## #### ########  ######## ########     ###     ######  ########
     ##        ##  ##     ## ##       ##     ##  ##   ##  ##       ##
     ######    ##  ########  ######   ########  #########  ######  ######
     ##        ##  ##    ##  ##       ##     ## ##     ##       ## ##
     ##       #### ##     ## ######## ########  ##     ##  ######  ########

You're about to initialize a Firebase project in this directory:

  /Users/philfives/clone_projects/netflix-build/netflix_build

[debug] [2021-06-03T20:27:16.769Z] <<< [apiv2][status] GET https://firebase-public.firebaseio.com/cli.json 200
[debug] [2021-06-03T20:27:16.769Z] <<< [apiv2][body] GET https://firebase-public.firebaseio.com/cli.json {"cloudBuildErrorAfter":1594252800000,"cloudBuildWarnAfter":1590019200000,"defaultNode10After":1594252800000,"minVersion":"3.0.5","node8DeploysDisabledAfter":1613390400000,"node8RuntimeDisabledAfter":1615809600000,"node8WarnAfter":1600128000000}
[info] 
=== Project Setup
[info] 
[info] First, let's associate this project directory with a Firebase project.
[info] You can create multiple project aliases by running firebase use --add, 
[info] but for now we'll just set up a default project.
[info] 
